Time: Tue Aug 06 2024 23:58:24 GMT+0300 (שעון ישראל (קיץ))
Message: Incorrect email or password.
Stack: undefined
---------------------------------------

Time: Wed Aug 07 2024 00:43:44 GMT+0300 (שעון ישראל (קיץ))
Message: Data too long for column 'password' at row 1
Stack: Error: Data too long for column 'password' at row 1
    at Packet.asError (C:\Users\Haya\Full_Stack\project3_vacationApp\Full Stack Vacations\Backend\node_modules\mysql2\lib\packets\packet.js:728:17)
    at Query.execute (C:\Users\Haya\Full_Stack\project3_vacationApp\Full Stack Vacations\Backend\node_modules\mysql2\lib\commands\command.js:29:26)
    at PoolConnection.handlePacket (C:\Users\Haya\Full_Stack\project3_vacationApp\Full Stack Vacations\Backend\node_modules\mysql2\lib\connection.js:481:34)
    at PacketParser.onPacket (C:\Users\Haya\Full_Stack\project3_vacationApp\Full Stack Vacations\Backend\node_modules\mysql2\lib\connection.js:97:12)
    at PacketParser.executeStart (C:\Users\Haya\Full_Stack\project3_vacationApp\Full Stack Vacations\Backend\node_modules\mysql2\lib\packet_parser.js:75:16)
    at Socket.<anonymous> (C:\Users\Haya\Full_Stack\project3_vacationApp\Full Stack Vacations\Backend\node_modules\mysql2\lib\connection.js:104:25)
    at Socket.emit (node:events:518:28)
    at Socket.emit (node:domain:488:12)
    at addChunk (node:internal/streams/readable:559:12)
    at readableAddChunkPushByteMode (node:internal/streams/readable:510:3)
---------------------------------------

Time: Wed Aug 07 2024 00:43:59 GMT+0300 (שעון ישראל (קיץ))
Message: Data too long for column 'password' at row 1
Stack: Error: Data too long for column 'password' at row 1
    at Packet.asError (C:\Users\Haya\Full_Stack\project3_vacationApp\Full Stack Vacations\Backend\node_modules\mysql2\lib\packets\packet.js:728:17)
    at Query.execute (C:\Users\Haya\Full_Stack\project3_vacationApp\Full Stack Vacations\Backend\node_modules\mysql2\lib\commands\command.js:29:26)
    at PoolConnection.handlePacket (C:\Users\Haya\Full_Stack\project3_vacationApp\Full Stack Vacations\Backend\node_modules\mysql2\lib\connection.js:481:34)
    at PacketParser.onPacket (C:\Users\Haya\Full_Stack\project3_vacationApp\Full Stack Vacations\Backend\node_modules\mysql2\lib\connection.js:97:12)
    at PacketParser.executeStart (C:\Users\Haya\Full_Stack\project3_vacationApp\Full Stack Vacations\Backend\node_modules\mysql2\lib\packet_parser.js:75:16)
    at Socket.<anonymous> (C:\Users\Haya\Full_Stack\project3_vacationApp\Full Stack Vacations\Backend\node_modules\mysql2\lib\connection.js:104:25)
    at Socket.emit (node:events:518:28)
    at Socket.emit (node:domain:488:12)
    at addChunk (node:internal/streams/readable:559:12)
    at readableAddChunkPushByteMode (node:internal/streams/readable:510:3)
---------------------------------------

Time: Wed Aug 07 2024 00:44:14 GMT+0300 (שעון ישראל (קיץ))
Message: "password" length must be at least 4 characters long
Stack: undefined
---------------------------------------

Time: Wed Aug 07 2024 00:44:26 GMT+0300 (שעון ישראל (קיץ))
Message: Data too long for column 'password' at row 1
Stack: Error: Data too long for column 'password' at row 1
    at Packet.asError (C:\Users\Haya\Full_Stack\project3_vacationApp\Full Stack Vacations\Backend\node_modules\mysql2\lib\packets\packet.js:728:17)
    at Query.execute (C:\Users\Haya\Full_Stack\project3_vacationApp\Full Stack Vacations\Backend\node_modules\mysql2\lib\commands\command.js:29:26)
    at PoolConnection.handlePacket (C:\Users\Haya\Full_Stack\project3_vacationApp\Full Stack Vacations\Backend\node_modules\mysql2\lib\connection.js:481:34)
    at PacketParser.onPacket (C:\Users\Haya\Full_Stack\project3_vacationApp\Full Stack Vacations\Backend\node_modules\mysql2\lib\connection.js:97:12)
    at PacketParser.executeStart (C:\Users\Haya\Full_Stack\project3_vacationApp\Full Stack Vacations\Backend\node_modules\mysql2\lib\packet_parser.js:75:16)
    at Socket.<anonymous> (C:\Users\Haya\Full_Stack\project3_vacationApp\Full Stack Vacations\Backend\node_modules\mysql2\lib\connection.js:104:25)
    at Socket.emit (node:events:518:28)
    at Socket.emit (node:domain:488:12)
    at addChunk (node:internal/streams/readable:559:12)
    at readableAddChunkPushByteMode (node:internal/streams/readable:510:3)
---------------------------------------

Time: Wed Aug 07 2024 00:44:58 GMT+0300 (שעון ישראל (קיץ))
Message: Data too long for column 'password' at row 1
Stack: Error: Data too long for column 'password' at row 1
    at Packet.asError (C:\Users\Haya\Full_Stack\project3_vacationApp\Full Stack Vacations\Backend\node_modules\mysql2\lib\packets\packet.js:728:17)
    at Query.execute (C:\Users\Haya\Full_Stack\project3_vacationApp\Full Stack Vacations\Backend\node_modules\mysql2\lib\commands\command.js:29:26)
    at PoolConnection.handlePacket (C:\Users\Haya\Full_Stack\project3_vacationApp\Full Stack Vacations\Backend\node_modules\mysql2\lib\connection.js:481:34)
    at PacketParser.onPacket (C:\Users\Haya\Full_Stack\project3_vacationApp\Full Stack Vacations\Backend\node_modules\mysql2\lib\connection.js:97:12)
    at PacketParser.executeStart (C:\Users\Haya\Full_Stack\project3_vacationApp\Full Stack Vacations\Backend\node_modules\mysql2\lib\packet_parser.js:75:16)
    at Socket.<anonymous> (C:\Users\Haya\Full_Stack\project3_vacationApp\Full Stack Vacations\Backend\node_modules\mysql2\lib\connection.js:104:25)
    at Socket.emit (node:events:518:28)
    at Socket.emit (node:domain:488:12)
    at addChunk (node:internal/streams/readable:559:12)
    at readableAddChunkPushByteMode (node:internal/streams/readable:510:3)
---------------------------------------

Time: Wed Aug 07 2024 00:47:40 GMT+0300 (שעון ישראל (קיץ))
Message: Data too long for column 'password' at row 1
Stack: Error: Data too long for column 'password' at row 1
    at Packet.asError (C:\Users\Haya\Full_Stack\project3_vacationApp\Full Stack Vacations\Backend\node_modules\mysql2\lib\packets\packet.js:728:17)
    at Query.execute (C:\Users\Haya\Full_Stack\project3_vacationApp\Full Stack Vacations\Backend\node_modules\mysql2\lib\commands\command.js:29:26)
    at PoolConnection.handlePacket (C:\Users\Haya\Full_Stack\project3_vacationApp\Full Stack Vacations\Backend\node_modules\mysql2\lib\connection.js:481:34)
    at PacketParser.onPacket (C:\Users\Haya\Full_Stack\project3_vacationApp\Full Stack Vacations\Backend\node_modules\mysql2\lib\connection.js:97:12)
    at PacketParser.executeStart (C:\Users\Haya\Full_Stack\project3_vacationApp\Full Stack Vacations\Backend\node_modules\mysql2\lib\packet_parser.js:75:16)
    at Socket.<anonymous> (C:\Users\Haya\Full_Stack\project3_vacationApp\Full Stack Vacations\Backend\node_modules\mysql2\lib\connection.js:104:25)
    at Socket.emit (node:events:518:28)
    at Socket.emit (node:domain:488:12)
    at addChunk (node:internal/streams/readable:559:12)
    at readableAddChunkPushByteMode (node:internal/streams/readable:510:3)
---------------------------------------

Time: Wed Aug 07 2024 00:48:15 GMT+0300 (שעון ישראל (קיץ))
Message: Data too long for column 'password' at row 1
Stack: Error: Data too long for column 'password' at row 1
    at Packet.asError (C:\Users\Haya\Full_Stack\project3_vacationApp\Full Stack Vacations\Backend\node_modules\mysql2\lib\packets\packet.js:728:17)
    at Query.execute (C:\Users\Haya\Full_Stack\project3_vacationApp\Full Stack Vacations\Backend\node_modules\mysql2\lib\commands\command.js:29:26)
    at PoolConnection.handlePacket (C:\Users\Haya\Full_Stack\project3_vacationApp\Full Stack Vacations\Backend\node_modules\mysql2\lib\connection.js:481:34)
    at PacketParser.onPacket (C:\Users\Haya\Full_Stack\project3_vacationApp\Full Stack Vacations\Backend\node_modules\mysql2\lib\connection.js:97:12)
    at PacketParser.executeStart (C:\Users\Haya\Full_Stack\project3_vacationApp\Full Stack Vacations\Backend\node_modules\mysql2\lib\packet_parser.js:75:16)
    at Socket.<anonymous> (C:\Users\Haya\Full_Stack\project3_vacationApp\Full Stack Vacations\Backend\node_modules\mysql2\lib\connection.js:104:25)
    at Socket.emit (node:events:518:28)
    at Socket.emit (node:domain:488:12)
    at addChunk (node:internal/streams/readable:559:12)
    at readableAddChunkPushByteMode (node:internal/streams/readable:510:3)
---------------------------------------

Time: Wed Aug 07 2024 00:53:36 GMT+0300 (שעון ישראל (קיץ))
Message: Data too long for column 'password' at row 1
Stack: Error: Data too long for column 'password' at row 1
    at Packet.asError (C:\Users\Haya\Full_Stack\project3_vacationApp\Full Stack Vacations\Backend\node_modules\mysql2\lib\packets\packet.js:728:17)
    at Query.execute (C:\Users\Haya\Full_Stack\project3_vacationApp\Full Stack Vacations\Backend\node_modules\mysql2\lib\commands\command.js:29:26)
    at PoolConnection.handlePacket (C:\Users\Haya\Full_Stack\project3_vacationApp\Full Stack Vacations\Backend\node_modules\mysql2\lib\connection.js:481:34)
    at PacketParser.onPacket (C:\Users\Haya\Full_Stack\project3_vacationApp\Full Stack Vacations\Backend\node_modules\mysql2\lib\connection.js:97:12)
    at PacketParser.executeStart (C:\Users\Haya\Full_Stack\project3_vacationApp\Full Stack Vacations\Backend\node_modules\mysql2\lib\packet_parser.js:75:16)
    at Socket.<anonymous> (C:\Users\Haya\Full_Stack\project3_vacationApp\Full Stack Vacations\Backend\node_modules\mysql2\lib\connection.js:104:25)
    at Socket.emit (node:events:518:28)
    at Socket.emit (node:domain:488:12)
    at addChunk (node:internal/streams/readable:559:12)
    at readableAddChunkPushByteMode (node:internal/streams/readable:510:3)
---------------------------------------

Time: Thu Aug 08 2024 09:54:45 GMT+0300 (שעון ישראל (קיץ))
Message: Incorrect email or password.
Stack: undefined
---------------------------------------

Time: Thu Aug 08 2024 09:54:57 GMT+0300 (שעון ישראל (קיץ))
Message: Incorrect email or password.
Stack: undefined
---------------------------------------

Time: Thu Aug 08 2024 09:55:27 GMT+0300 (שעון ישראל (קיץ))
Message: Incorrect email or password.
Stack: undefined
---------------------------------------

Time: Thu Aug 08 2024 09:55:28 GMT+0300 (שעון ישראל (קיץ))
Message: Incorrect email or password.
Stack: undefined
---------------------------------------

Time: Thu Aug 08 2024 09:55:36 GMT+0300 (שעון ישראל (קיץ))
Message: Incorrect email or password.
Stack: undefined
---------------------------------------

Time: Thu Aug 08 2024 09:55:59 GMT+0300 (שעון ישראל (קיץ))
Message: Incorrect email or password.
Stack: undefined
---------------------------------------

Time: Thu Aug 08 2024 09:56:08 GMT+0300 (שעון ישראל (קיץ))
Message: Incorrect email or password.
Stack: undefined
---------------------------------------

Time: Thu Aug 08 2024 09:56:26 GMT+0300 (שעון ישראל (קיץ))
Message: Incorrect email or password.
Stack: undefined
---------------------------------------

Time: Thu Aug 08 2024 09:56:55 GMT+0300 (שעון ישראל (קיץ))
Message: Incorrect email or password.
Stack: undefined
---------------------------------------

Time: Thu Aug 08 2024 09:57:09 GMT+0300 (שעון ישראל (קיץ))
Message: Incorrect email or password.
Stack: undefined
---------------------------------------

Time: Thu Aug 08 2024 09:57:10 GMT+0300 (שעון ישראל (קיץ))
Message: Incorrect email or password.
Stack: undefined
---------------------------------------

Time: Thu Aug 08 2024 09:58:05 GMT+0300 (שעון ישראל (קיץ))
Message: Incorrect email or password.
Stack: undefined
---------------------------------------

Time: Thu Aug 08 2024 09:58:06 GMT+0300 (שעון ישראל (קיץ))
Message: Incorrect email or password.
Stack: undefined
---------------------------------------

Time: Thu Aug 08 2024 09:58:16 GMT+0300 (שעון ישראל (קיץ))
Message: Incorrect email or password.
Stack: undefined
---------------------------------------

Time: Thu Aug 08 2024 10:00:50 GMT+0300 (שעון ישראל (קיץ))
Message: "password" with value "q1234" fails to match the required pattern: /(?=.*[A-Z])/
Stack: undefined
---------------------------------------

Time: Thu Aug 08 2024 10:01:05 GMT+0300 (שעון ישראל (קיץ))
Message: "password" with value "Q1234" fails to match the required pattern: /(?=.*[a-z])/
Stack: undefined
---------------------------------------

Time: Thu Aug 08 2024 13:58:49 GMT+0300 (שעון ישראל (קיץ))
Message: "description" length must be at least 10 characters long
Stack: undefined
---------------------------------------

Time: Thu Aug 08 2024 13:59:11 GMT+0300 (שעון ישראל (קיץ))
Message: "description" length must be at least 10 characters long
Stack: undefined
---------------------------------------

Time: Thu Aug 08 2024 14:00:40 GMT+0300 (שעון ישראל (קיץ))
Message: "value" contains an invalid value
Stack: undefined
---------------------------------------

Time: Thu Aug 08 2024 14:00:55 GMT+0300 (שעון ישראל (קיץ))
Message: "value" contains an invalid value
Stack: undefined
---------------------------------------

Time: Thu Aug 08 2024 14:01:38 GMT+0300 (שעון ישראל (קיץ))
Message: "value" contains an invalid value
Stack: undefined
---------------------------------------

Time: Thu Aug 08 2024 14:08:33 GMT+0300 (שעון ישראל (קיץ))
Message: "value" contains an invalid value
Stack: undefined
---------------------------------------

Time: Thu Aug 08 2024 14:14:08 GMT+0300 (שעון ישראל (קיץ))
Message: "value" contains an invalid value
Stack: undefined
---------------------------------------

Time: Thu Aug 08 2024 14:16:40 GMT+0300 (שעון ישראל (קיץ))
Message: "value" contains an invalid value
Stack: undefined
---------------------------------------

Time: Thu Aug 08 2024 14:17:59 GMT+0300 (שעון ישראל (קיץ))
Message: "value" contains an invalid value
Stack: undefined
---------------------------------------

Time: Thu Aug 08 2024 15:20:44 GMT+0300 (שעון ישראל (קיץ))
Message: "image" is required
Stack: undefined
---------------------------------------

Time: Thu Aug 08 2024 15:27:06 GMT+0300 (שעון ישראל (קיץ))
Message: Route /favicon.ico on method GET not exist.
Stack: undefined
---------------------------------------

Time: Thu Aug 08 2024 18:19:56 GMT+0300 (שעון ישראל (קיץ))
Message: Route /favicon.ico on method GET not exist.
Stack: undefined
---------------------------------------

Time: Thu Aug 08 2024 18:53:33 GMT+0300 (שעון ישראל (קיץ))
Message: Cannot delete or update a parent row: a foreign key constraint fails (`vacations`.`likes`, CONSTRAINT `destinationId` FOREIGN KEY (`destinationId`) REFERENCES `destinations` (`id`))
Stack: Error: Cannot delete or update a parent row: a foreign key constraint fails (`vacations`.`likes`, CONSTRAINT `destinationId` FOREIGN KEY (`destinationId`) REFERENCES `destinations` (`id`))
    at Packet.asError (C:\Users\Haya\Full_Stack\project3_vacationApp\Full Stack Vacations\Backend\node_modules\mysql2\lib\packets\packet.js:728:17)
    at Query.execute (C:\Users\Haya\Full_Stack\project3_vacationApp\Full Stack Vacations\Backend\node_modules\mysql2\lib\commands\command.js:29:26)
    at PoolConnection.handlePacket (C:\Users\Haya\Full_Stack\project3_vacationApp\Full Stack Vacations\Backend\node_modules\mysql2\lib\connection.js:481:34)
    at PacketParser.onPacket (C:\Users\Haya\Full_Stack\project3_vacationApp\Full Stack Vacations\Backend\node_modules\mysql2\lib\connection.js:97:12)
    at PacketParser.executeStart (C:\Users\Haya\Full_Stack\project3_vacationApp\Full Stack Vacations\Backend\node_modules\mysql2\lib\packet_parser.js:75:16)
    at Socket.<anonymous> (C:\Users\Haya\Full_Stack\project3_vacationApp\Full Stack Vacations\Backend\node_modules\mysql2\lib\connection.js:104:25)
    at Socket.emit (node:events:518:28)
    at Socket.emit (node:domain:488:12)
    at addChunk (node:internal/streams/readable:559:12)
    at readableAddChunkPushByteMode (node:internal/streams/readable:510:3)
---------------------------------------

Time: Thu Aug 08 2024 18:54:22 GMT+0300 (שעון ישראל (קיץ))
Message: Cannot delete or update a parent row: a foreign key constraint fails (`vacations`.`likes`, CONSTRAINT `destinationId` FOREIGN KEY (`destinationId`) REFERENCES `destinations` (`id`))
Stack: Error: Cannot delete or update a parent row: a foreign key constraint fails (`vacations`.`likes`, CONSTRAINT `destinationId` FOREIGN KEY (`destinationId`) REFERENCES `destinations` (`id`))
    at Packet.asError (C:\Users\Haya\Full_Stack\project3_vacationApp\Full Stack Vacations\Backend\node_modules\mysql2\lib\packets\packet.js:728:17)
    at Query.execute (C:\Users\Haya\Full_Stack\project3_vacationApp\Full Stack Vacations\Backend\node_modules\mysql2\lib\commands\command.js:29:26)
    at PoolConnection.handlePacket (C:\Users\Haya\Full_Stack\project3_vacationApp\Full Stack Vacations\Backend\node_modules\mysql2\lib\connection.js:481:34)
    at PacketParser.onPacket (C:\Users\Haya\Full_Stack\project3_vacationApp\Full Stack Vacations\Backend\node_modules\mysql2\lib\connection.js:97:12)
    at PacketParser.executeStart (C:\Users\Haya\Full_Stack\project3_vacationApp\Full Stack Vacations\Backend\node_modules\mysql2\lib\packet_parser.js:75:16)
    at Socket.<anonymous> (C:\Users\Haya\Full_Stack\project3_vacationApp\Full Stack Vacations\Backend\node_modules\mysql2\lib\connection.js:104:25)
    at Socket.emit (node:events:518:28)
    at Socket.emit (node:domain:488:12)
    at addChunk (node:internal/streams/readable:559:12)
    at readableAddChunkPushByteMode (node:internal/streams/readable:510:3)
---------------------------------------

Time: Thu Aug 08 2024 21:44:47 GMT+0300 (שעון ישראל (קיץ))
Message: You are not logged in.
Stack: undefined
---------------------------------------

Time: Thu Aug 08 2024 22:53:40 GMT+0300 (שעון ישראל (קיץ))
Message: Route /api/destinations//124 on method POST not exist.
Stack: undefined
---------------------------------------

Time: Thu Aug 08 2024 22:59:55 GMT+0300 (שעון ישראל (קיץ))
Message: "image" is required
Stack: undefined
---------------------------------------

Time: Thu Aug 08 2024 23:03:37 GMT+0300 (שעון ישראל (קיץ))
Message: "image" is required
Stack: undefined
---------------------------------------

Time: Thu Aug 08 2024 23:04:58 GMT+0300 (שעון ישראל (קיץ))
Message: "image" is required
Stack: undefined
---------------------------------------

Time: Thu Aug 08 2024 23:06:22 GMT+0300 (שעון ישראל (קיץ))
Message: "image" is required
Stack: undefined
---------------------------------------

Time: Thu Aug 08 2024 23:09:42 GMT+0300 (שעון ישראל (קיץ))
Message: "image" is required
Stack: undefined
---------------------------------------

Time: Thu Aug 08 2024 23:10:00 GMT+0300 (שעון ישראל (קיץ))
Message: "image" is required
Stack: undefined
---------------------------------------

Time: Thu Aug 08 2024 23:20:53 GMT+0300 (שעון ישראל (קיץ))
Message: Route /api/destinations/ on method PUT not exist.
Stack: undefined
---------------------------------------

Time: Thu Aug 08 2024 23:21:56 GMT+0300 (שעון ישראל (קיץ))
Message: Route /api/destinations/ on method PUT not exist.
Stack: undefined
---------------------------------------

Time: Thu Aug 08 2024 23:43:09 GMT+0300 (שעון ישראל (קיץ))
Message: Incorrect email or password.
Stack: undefined
---------------------------------------

Time: Thu Aug 08 2024 23:43:10 GMT+0300 (שעון ישראל (קיץ))
Message: Incorrect email or password.
Stack: undefined
---------------------------------------

Time: Thu Aug 08 2024 23:43:19 GMT+0300 (שעון ישראל (קיץ))
Message: Incorrect email or password.
Stack: undefined
---------------------------------------

Time: Thu Aug 08 2024 23:44:06 GMT+0300 (שעון ישראל (קיץ))
Message: Incorrect email or password.
Stack: undefined
---------------------------------------

Time: Thu Aug 08 2024 23:45:05 GMT+0300 (שעון ישראל (קיץ))
Message: Incorrect email or password.
Stack: undefined
---------------------------------------

Time: Thu Aug 08 2024 23:46:12 GMT+0300 (שעון ישראל (קיץ))
Message: Incorrect email or password.
Stack: undefined
---------------------------------------

Time: Thu Aug 08 2024 23:47:08 GMT+0300 (שעון ישראל (קיץ))
Message: Incorrect email or password.
Stack: undefined
---------------------------------------

Time: Thu Aug 08 2024 23:47:25 GMT+0300 (שעון ישראל (קיץ))
Message: Incorrect email or password.
Stack: undefined
---------------------------------------

Time: Fri Aug 09 2024 08:08:41 GMT+0300 (שעון ישראל (קיץ))
Message: Route /api/destinations/ on method PUT not exist.
Stack: undefined
---------------------------------------

Time: Fri Aug 09 2024 08:10:12 GMT+0300 (שעון ישראל (קיץ))
Message: Route /api/destinations/ on method PUT not exist.
Stack: undefined
---------------------------------------

Time: Fri Aug 09 2024 08:15:43 GMT+0300 (שעון ישראל (קיץ))
Message: Route /api/destinations/ on method PUT not exist.
Stack: undefined
---------------------------------------

